<?xml version="1.0" encoding="UTF-8"?>
<!-- Generated by org.testng.reporters.JUnitReportReporter -->
<testsuite hostname="LAPTOP-NC52G9DU" failures="0" tests="4" name="testscript.LoginTest" time="20.032" errors="0" timestamp="2024-01-25T13:06:11 IST" skipped="0">
  <testcase classname="testscript.LoginTest" name="verifyTheUserIsNotAbleToLoginUsingValidUsernameAndInvalidPassword" time="3.967"/>
  <testcase classname="testscript.LoginTest" name="verifyTheUserIsNotAbleToLoginUsingInvalidUsernameAndvalidPassword" time="5.653"/>
  <testcase classname="testscript.LoginTest" name="verifyTheUserIsAbleToLoginUsingValidCredentials" time="5.715"/>
  <testcase classname="testscript.LoginTest" name="verifyTheUserIsNotAbleToLoginUsingInvalidUsernameAndInvalidPassword" time="4.697"/>
</testsuite> <!-- testscript.LoginTest -->
