<?xml version="1.0" encoding="UTF-8"?>
<!-- Generated by org.testng.reporters.JUnitReportReporter -->
<testsuite hostname="LAPTOP-NC52G9DU" failures="0" tests="1" name="testscript.Login" time="23.590" errors="0" timestamp="2024-01-17T21:07:21 IST" skipped="0">
  <testcase classname="testscript.Login" name="login" time="23.590"/>
</testsuite> <!-- testscript.Login -->
