<?xml version="1.0" encoding="UTF-8"?>
<!-- Generated by org.testng.reporters.JUnitReportReporter -->
<testsuite hostname="LAPTOP-NC52G9DU" failures="0" tests="1" name="package1.Base" time="3.659" errors="0" timestamp="2024-01-17T19:18:30 IST" skipped="0">
  <testcase classname="package1.Base" name="login" time="3.659"/>
</testsuite> <!-- package1.Base -->
