<?xml version="1.0" encoding="UTF-8"?>
<!-- Generated by org.testng.reporters.JUnitReportReporter -->
<testsuite hostname="LAPTOP-NC52G9DU" failures="0" tests="1" name="testscript.ListDeliveryBoyTest" time="7.402" errors="0" timestamp="2024-01-25T13:20:48 IST" skipped="0">
  <testcase classname="testscript.ListDeliveryBoyTest" name="verifyByInactivatingDeliveryBoy" time="7.402"/>
</testsuite> <!-- testscript.ListDeliveryBoyTest -->
